[debug] [2025-08-07T02:19:14.968Z] ----------------------------------------------------------------------
[debug] [2025-08-07T02:19:14.970Z] Command:       /usr/local/bin/node /usr/local/bin/firebase deploy --only functions:failPayment
[debug] [2025-08-07T02:19:14.970Z] CLI Version:   14.8.0
[debug] [2025-08-07T02:19:14.971Z] Platform:      darwin
[debug] [2025-08-07T02:19:14.971Z] Node Version:  v20.17.0
[debug] [2025-08-07T02:19:14.971Z] Time:          Thu Aug 07 2025 11:19:14 GMT+0900 (대한민국 표준시)
[debug] [2025-08-07T02:19:14.971Z] ----------------------------------------------------------------------
[debug] 
[debug] [2025-08-07T02:19:15.118Z] Object "/emulators/firestore" in "firebase.json" has unknown property: {"additionalProperty":"rules"}
[debug] [2025-08-07T02:19:15.121Z] > command requires scopes: ["email","openid","https://www.googleapis.com/auth/cloudplatformprojects.readonly","https://www.googleapis.com/auth/firebase","https://www.googleapis.com/auth/cloud-platform"]
[debug] [2025-08-07T02:19:15.121Z] > authorizing via signed-in user (ryussi0925@gmail.com)
[debug] [2025-08-07T02:19:15.121Z] [iam] checking project farmtool-75b0f for permissions ["cloudfunctions.functions.create","cloudfunctions.functions.delete","cloudfunctions.functions.get","cloudfunctions.functions.list","cloudfunctions.functions.update","cloudfunctions.operations.get","firebase.projects.get"]
[debug] [2025-08-07T02:19:15.122Z] Checked if tokens are valid: true, expires at: 1754536596445
[debug] [2025-08-07T02:19:15.122Z] Checked if tokens are valid: true, expires at: 1754536596445
[debug] [2025-08-07T02:19:15.123Z] >>> [apiv2][query] POST https://cloudresourcemanager.googleapis.com/v1/projects/farmtool-75b0f:testIamPermissions [none]
[debug] [2025-08-07T02:19:15.123Z] >>> [apiv2][(partial)header] POST https://cloudresourcemanager.googleapis.com/v1/projects/farmtool-75b0f:testIamPermissions x-goog-quota-user=projects/farmtool-75b0f
[debug] [2025-08-07T02:19:15.123Z] >>> [apiv2][body] POST https://cloudresourcemanager.googleapis.com/v1/projects/farmtool-75b0f:testIamPermissions {"permissions":["cloudfunctions.functions.create","cloudfunctions.functions.delete","cloudfunctions.functions.get","cloudfunctions.functions.list","cloudfunctions.functions.update","cloudfunctions.operations.get","firebase.projects.get"]}
[debug] [2025-08-07T02:19:15.419Z] <<< [apiv2][status] POST https://cloudresourcemanager.googleapis.com/v1/projects/farmtool-75b0f:testIamPermissions 200
[debug] [2025-08-07T02:19:15.419Z] <<< [apiv2][body] POST https://cloudresourcemanager.googleapis.com/v1/projects/farmtool-75b0f:testIamPermissions {"permissions":["cloudfunctions.functions.create","cloudfunctions.functions.delete","cloudfunctions.functions.get","cloudfunctions.functions.list","cloudfunctions.functions.update","cloudfunctions.operations.get","firebase.projects.get"]}
[debug] [2025-08-07T02:19:15.420Z] Checked if tokens are valid: true, expires at: 1754536596445
[debug] [2025-08-07T02:19:15.420Z] Checked if tokens are valid: true, expires at: 1754536596445
[debug] [2025-08-07T02:19:15.420Z] >>> [apiv2][query] POST https://iam.googleapis.com/v1/projects/farmtool-75b0f/serviceAccounts/farmtool-75b0f@appspot.gserviceaccount.com:testIamPermissions [none]
[debug] [2025-08-07T02:19:15.420Z] >>> [apiv2][body] POST https://iam.googleapis.com/v1/projects/farmtool-75b0f/serviceAccounts/farmtool-75b0f@appspot.gserviceaccount.com:testIamPermissions {"permissions":["iam.serviceAccounts.actAs"]}
[debug] [2025-08-07T02:19:16.784Z] <<< [apiv2][status] POST https://iam.googleapis.com/v1/projects/farmtool-75b0f/serviceAccounts/farmtool-75b0f@appspot.gserviceaccount.com:testIamPermissions 404
[debug] [2025-08-07T02:19:16.784Z] <<< [apiv2][body] POST https://iam.googleapis.com/v1/projects/farmtool-75b0f/serviceAccounts/farmtool-75b0f@appspot.gserviceaccount.com:testIamPermissions {"error":{"code":404,"message":"Unknown service account","status":"NOT_FOUND"}}
[debug] [2025-08-07T02:19:16.785Z] [functions] service account IAM check errored, deploy may fail: Request to https://iam.googleapis.com/v1/projects/farmtool-75b0f/serviceAccounts/farmtool-75b0f@appspot.gserviceaccount.com:testIamPermissions had HTTP Error: 404, Unknown service account {"name":"FirebaseError","children":[],"context":{"body":{"error":{"code":404,"message":"Unknown service account","status":"NOT_FOUND"}},"response":{"statusCode":404}},"exit":1,"message":"Request to https://iam.googleapis.com/v1/projects/farmtool-75b0f/serviceAccounts/farmtool-75b0f@appspot.gserviceaccount.com:testIamPermissions had HTTP Error: 404, Unknown service account","status":404}
[info] 
[info] === Deploying to 'farmtool-75b0f'...
[info] 
[info] i  deploying functions 
[debug] [2025-08-07T02:19:16.790Z] Checked if tokens are valid: true, expires at: 1754536596445
[debug] [2025-08-07T02:19:16.790Z] Checked if tokens are valid: true, expires at: 1754536596445
[debug] [2025-08-07T02:19:16.790Z] >>> [apiv2][query] GET https://cloudresourcemanager.googleapis.com/v1/projects/farmtool-75b0f [none]
[debug] [2025-08-07T02:19:17.091Z] <<< [apiv2][status] GET https://cloudresourcemanager.googleapis.com/v1/projects/farmtool-75b0f 200
[debug] [2025-08-07T02:19:17.092Z] <<< [apiv2][body] GET https://cloudresourcemanager.googleapis.com/v1/projects/farmtool-75b0f {"projectNumber":"609587756851","projectId":"farmtool-75b0f","lifecycleState":"ACTIVE","name":"farmtool","labels":{"firebase":"enabled"},"createTime":"2024-09-23T12:22:18.189533Z"}
[info] i  functions: preparing codebase default for deployment 
[info] i  functions: ensuring required API cloudfunctions.googleapis.com is enabled... 
[info] i  functions: ensuring required API cloudbuild.googleapis.com is enabled... 
[info] i  artifactregistry: ensuring required API artifactregistry.googleapis.com is enabled... 
[debug] [2025-08-07T02:19:17.095Z] Checked if tokens are valid: true, expires at: 1754536596445
[debug] [2025-08-07T02:19:17.095Z] Checked if tokens are valid: true, expires at: 1754536596445
[debug] [2025-08-07T02:19:17.095Z] >>> [apiv2][query] GET https://firebase.googleapis.com/v1beta1/projects/farmtool-75b0f/adminSdkConfig [none]
[debug] [2025-08-07T02:19:17.978Z] <<< [apiv2][status] GET https://firebase.googleapis.com/v1beta1/projects/farmtool-75b0f/adminSdkConfig 200
[debug] [2025-08-07T02:19:17.978Z] <<< [apiv2][body] GET https://firebase.googleapis.com/v1beta1/projects/farmtool-75b0f/adminSdkConfig {"projectId":"farmtool-75b0f","databaseURL":"https://farmtool-75b0f-default-rtdb.asia-southeast1.firebasedatabase.app","storageBucket":"farmtool-75b0f.firebasestorage.app"}
[debug] [2025-08-07T02:19:17.978Z] Checked if tokens are valid: true, expires at: 1754536596445
[debug] [2025-08-07T02:19:17.978Z] Checked if tokens are valid: true, expires at: 1754536596445
[debug] [2025-08-07T02:19:17.978Z] >>> [apiv2][query] GET https://runtimeconfig.googleapis.com/v1beta1/projects/farmtool-75b0f/configs [none]
[debug] [2025-08-07T02:19:18.422Z] <<< [apiv2][status] GET https://runtimeconfig.googleapis.com/v1beta1/projects/farmtool-75b0f/configs 200
[debug] [2025-08-07T02:19:18.423Z] <<< [apiv2][body] GET https://runtimeconfig.googleapis.com/v1beta1/projects/farmtool-75b0f/configs {}
[debug] [2025-08-07T02:19:18.424Z] Validating nodejs source
[warn] ⚠  functions: package.json indicates an outdated version of firebase-functions. Please upgrade using npm install --save firebase-functions@latest in your functions directory. 
[debug] [2025-08-07T02:19:18.870Z] > [functions] package.json contents: {
  "name": "functions",
  "description": "Cloud Functions for Firebase",
  "scripts": {
    "serve": "firebase emulators:start --only functions",
    "shell": "firebase functions:shell",
    "start": "npm run shell",
    "deploy": "firebase deploy --only functions",
    "logs": "firebase functions:log"
  },
  "engines": {
    "node": "20"
  },
  "main": "src/index.js",
  "dependencies": {
    "firebase-admin": "^13.4.0",
    "firebase-functions": "^6.3.2"
  },
  "devDependencies": {
    "firebase-functions-test": "^3.1.0"
  },
  "private": true
}
[debug] [2025-08-07T02:19:18.871Z] Building nodejs source
[info] i  functions: Loading and analyzing source code for codebase default to determine what to deploy 
[debug] [2025-08-07T02:19:18.872Z] Could not find functions.yaml. Must use http discovery
[debug] [2025-08-07T02:19:18.898Z] Found firebase-functions binary at '/Users/youssipro/nextjs/modoo/farmtool/functions/node_modules/.bin/firebase-functions'
[info] Serving at port 8613

[debug] [2025-08-07T02:19:19.254Z] Got response from /__/functions.yaml {"endpoints":{"confirmPayment":{"availableMemoryMb":null,"timeoutSeconds":null,"minInstances":null,"maxInstances":null,"ingressSettings":null,"concurrency":null,"serviceAccountEmail":null,"vpc":null,"platform":"gcfv2","region":["asia-northeast3"],"secretEnvironmentVariables":[{"key":"TOSS_SECRET_KEY"}],"labels":{},"httpsTrigger":{},"entryPoint":"confirmPayment"},"failPayment":{"availableMemoryMb":null,"timeoutSeconds":null,"minInstances":null,"maxInstances":null,"ingressSettings":null,"concurrency":null,"serviceAccountEmail":null,"vpc":null,"platform":"gcfv2","region":["asia-northeast3"],"secretEnvironmentVariables":[{"key":"TOSS_FAIL_FRONTEND_URL"}],"labels":{},"httpsTrigger":{},"entryPoint":"failPayment"},"kakaoCallback":{"availableMemoryMb":null,"timeoutSeconds":180,"minInstances":null,"maxInstances":null,"ingressSettings":null,"concurrency":null,"serviceAccountEmail":null,"vpc":null,"platform":"gcfv2","region":["us-central1"],"secretEnvironmentVariables":[{"key":"KAKAO_KEY"},{"key":"KAKAO_REDIRECT_URI_PROD"}],"labels":{},"httpsTrigger":{},"entryPoint":"kakaoCallback"},"scheduledFetchG2B":{"availableMemoryMb":null,"timeoutSeconds":null,"minInstances":null,"maxInstances":null,"ingressSettings":null,"concurrency":null,"serviceAccountEmail":null,"vpc":null,"platform":"gcfv2","region":["asia-northeast3"],"secretEnvironmentVariables":[{"key":"G2B_API_KEY"}],"labels":{},"scheduleTrigger":{"schedule":"50 2 * * *","retryConfig":{},"timeZone":"Asia/Seoul"},"entryPoint":"scheduledFetchG2B"},"fetchG2BOnDemand":{"availableMemoryMb":null,"timeoutSeconds":null,"minInstances":null,"maxInstances":null,"ingressSettings":null,"concurrency":null,"serviceAccountEmail":null,"vpc":null,"platform":"gcfv2","region":["asia-northeast3"],"secretEnvironmentVariables":[{"key":"G2B_API_KEY"}],"labels":{},"httpsTrigger":{},"entryPoint":"fetchG2BOnDemand"}},"specVersion":"v1alpha1","requiredAPIs":[{"api":"cloudscheduler.googleapis.com","reason":"Needed for scheduled functions."}],"extensions":{},"params":[{"type":"secret","name":"TOSS_SECRET_KEY"},{"type":"secret","name":"TOSS_SUCCESS_FRONTEND_URL"},{"type":"secret","name":"TOSS_FAIL_FRONTEND_URL"},{"type":"secret","name":"KAKAO_KEY"},{"type":"secret","name":"KAKAO_REDIRECT_URI_PROD"},{"type":"secret","name":"G2B_API_KEY"}]}
[info] i  extensions: ensuring required API firebaseextensions.googleapis.com is enabled... 
[debug] [2025-08-07T02:19:24.289Z] > command requires scopes: ["email","openid","https://www.googleapis.com/auth/cloudplatformprojects.readonly","https://www.googleapis.com/auth/firebase","https://www.googleapis.com/auth/cloud-platform"]
[debug] [2025-08-07T02:19:24.289Z] > authorizing via signed-in user (ryussi0925@gmail.com)
[debug] [2025-08-07T02:19:24.289Z] [iam] checking project farmtool-75b0f for permissions ["firebase.projects.get","firebaseextensions.instances.list"]
[debug] [2025-08-07T02:19:24.290Z] Checked if tokens are valid: true, expires at: 1754536596445
[debug] [2025-08-07T02:19:24.290Z] Checked if tokens are valid: true, expires at: 1754536596445
[debug] [2025-08-07T02:19:24.290Z] >>> [apiv2][query] POST https://cloudresourcemanager.googleapis.com/v1/projects/farmtool-75b0f:testIamPermissions [none]
[debug] [2025-08-07T02:19:24.290Z] >>> [apiv2][(partial)header] POST https://cloudresourcemanager.googleapis.com/v1/projects/farmtool-75b0f:testIamPermissions x-goog-quota-user=projects/farmtool-75b0f
[debug] [2025-08-07T02:19:24.290Z] >>> [apiv2][body] POST https://cloudresourcemanager.googleapis.com/v1/projects/farmtool-75b0f:testIamPermissions {"permissions":["firebase.projects.get","firebaseextensions.instances.list"]}
[debug] [2025-08-07T02:19:24.519Z] <<< [apiv2][status] POST https://cloudresourcemanager.googleapis.com/v1/projects/farmtool-75b0f:testIamPermissions 200
[debug] [2025-08-07T02:19:24.520Z] <<< [apiv2][body] POST https://cloudresourcemanager.googleapis.com/v1/projects/farmtool-75b0f:testIamPermissions {"permissions":["firebase.projects.get","firebaseextensions.instances.list"]}
[debug] [2025-08-07T02:19:24.520Z] Checked if tokens are valid: true, expires at: 1754536596445
[debug] [2025-08-07T02:19:24.520Z] Checked if tokens are valid: true, expires at: 1754536596445
[debug] [2025-08-07T02:19:24.521Z] >>> [apiv2][query] GET https://firebaseextensions.googleapis.com/v1beta/projects/farmtool-75b0f/instances pageSize=100&pageToken=
[debug] [2025-08-07T02:19:25.515Z] <<< [apiv2][status] GET https://firebaseextensions.googleapis.com/v1beta/projects/farmtool-75b0f/instances 200
[debug] [2025-08-07T02:19:25.515Z] <<< [apiv2][body] GET https://firebaseextensions.googleapis.com/v1beta/projects/farmtool-75b0f/instances {}
[info] i  functions: Loaded environment variables from .env. 
[debug] [2025-08-07T02:19:25.519Z] Checked if tokens are valid: true, expires at: 1754536596445
[debug] [2025-08-07T02:19:25.519Z] Checked if tokens are valid: true, expires at: 1754536596445
[debug] [2025-08-07T02:19:25.519Z] >>> [apiv2][query] GET https://secretmanager.googleapis.com/v1/projects/farmtool-75b0f/secrets/TOSS_SECRET_KEY [none]
[debug] [2025-08-07T02:19:25.815Z] <<< [apiv2][status] GET https://secretmanager.googleapis.com/v1/projects/farmtool-75b0f/secrets/TOSS_SECRET_KEY 200
[debug] [2025-08-07T02:19:25.816Z] <<< [apiv2][body] GET https://secretmanager.googleapis.com/v1/projects/farmtool-75b0f/secrets/TOSS_SECRET_KEY {"name":"projects/609587756851/secrets/TOSS_SECRET_KEY","replication":{"automatic":{}},"createTime":"2025-07-01T09:36:41.462831Z","labels":{"firebase-managed":"functions"},"etag":"\"1638dae1da4c5a\""}
[debug] [2025-08-07T02:19:25.816Z] Checked if tokens are valid: true, expires at: 1754536596445
[debug] [2025-08-07T02:19:25.816Z] Checked if tokens are valid: true, expires at: 1754536596445
[debug] [2025-08-07T02:19:25.816Z] >>> [apiv2][query] GET https://secretmanager.googleapis.com/v1/projects/farmtool-75b0f/secrets/TOSS_SECRET_KEY/versions/latest [none]
[debug] [2025-08-07T02:19:26.053Z] <<< [apiv2][status] GET https://secretmanager.googleapis.com/v1/projects/farmtool-75b0f/secrets/TOSS_SECRET_KEY/versions/latest 200
[debug] [2025-08-07T02:19:26.053Z] <<< [apiv2][body] GET https://secretmanager.googleapis.com/v1/projects/farmtool-75b0f/secrets/TOSS_SECRET_KEY/versions/latest {"name":"projects/609587756851/secrets/TOSS_SECRET_KEY/versions/4","createTime":"2025-08-07T01:56:03.871728Z","state":"ENABLED","replicationStatus":{"automatic":{}},"etag":"\"163bbcc2885ff0\"","clientSpecifiedPayloadChecksum":true}
[debug] [2025-08-07T02:19:26.054Z] Checked if tokens are valid: true, expires at: 1754536596445
[debug] [2025-08-07T02:19:26.054Z] Checked if tokens are valid: true, expires at: 1754536596445
[debug] [2025-08-07T02:19:26.054Z] >>> [apiv2][query] GET https://secretmanager.googleapis.com/v1/projects/farmtool-75b0f/secrets/TOSS_SUCCESS_FRONTEND_URL [none]
[debug] [2025-08-07T02:19:26.286Z] <<< [apiv2][status] GET https://secretmanager.googleapis.com/v1/projects/farmtool-75b0f/secrets/TOSS_SUCCESS_FRONTEND_URL 200
[debug] [2025-08-07T02:19:26.287Z] <<< [apiv2][body] GET https://secretmanager.googleapis.com/v1/projects/farmtool-75b0f/secrets/TOSS_SUCCESS_FRONTEND_URL {"name":"projects/609587756851/secrets/TOSS_SUCCESS_FRONTEND_URL","replication":{"automatic":{}},"createTime":"2025-07-01T09:40:11.959038Z","labels":{"firebase-managed":"functions"},"etag":"\"1638daee661f10\""}
[debug] [2025-08-07T02:19:26.287Z] Checked if tokens are valid: true, expires at: 1754536596445
[debug] [2025-08-07T02:19:26.287Z] Checked if tokens are valid: true, expires at: 1754536596445
[debug] [2025-08-07T02:19:26.287Z] >>> [apiv2][query] GET https://secretmanager.googleapis.com/v1/projects/farmtool-75b0f/secrets/TOSS_SUCCESS_FRONTEND_URL/versions/latest [none]
[debug] [2025-08-07T02:19:26.481Z] <<< [apiv2][status] GET https://secretmanager.googleapis.com/v1/projects/farmtool-75b0f/secrets/TOSS_SUCCESS_FRONTEND_URL/versions/latest 200
[debug] [2025-08-07T02:19:26.481Z] <<< [apiv2][body] GET https://secretmanager.googleapis.com/v1/projects/farmtool-75b0f/secrets/TOSS_SUCCESS_FRONTEND_URL/versions/latest {"name":"projects/609587756851/secrets/TOSS_SUCCESS_FRONTEND_URL/versions/2","createTime":"2025-08-04T05:25:40.058742Z","state":"ENABLED","replicationStatus":{"automatic":{}},"etag":"\"163b83569ba276\"","clientSpecifiedPayloadChecksum":true}
[debug] [2025-08-07T02:19:26.481Z] Checked if tokens are valid: true, expires at: 1754536596445
[debug] [2025-08-07T02:19:26.481Z] Checked if tokens are valid: true, expires at: 1754536596445
[debug] [2025-08-07T02:19:26.482Z] >>> [apiv2][query] GET https://secretmanager.googleapis.com/v1/projects/farmtool-75b0f/secrets/TOSS_FAIL_FRONTEND_URL [none]
[debug] [2025-08-07T02:19:26.677Z] <<< [apiv2][status] GET https://secretmanager.googleapis.com/v1/projects/farmtool-75b0f/secrets/TOSS_FAIL_FRONTEND_URL 200
[debug] [2025-08-07T02:19:26.677Z] <<< [apiv2][body] GET https://secretmanager.googleapis.com/v1/projects/farmtool-75b0f/secrets/TOSS_FAIL_FRONTEND_URL {"name":"projects/609587756851/secrets/TOSS_FAIL_FRONTEND_URL","replication":{"automatic":{}},"createTime":"2025-07-01T09:40:37.858197Z","labels":{"firebase-managed":"functions"},"etag":"\"1638daefdc52e6\""}
[debug] [2025-08-07T02:19:26.677Z] Checked if tokens are valid: true, expires at: 1754536596445
[debug] [2025-08-07T02:19:26.678Z] Checked if tokens are valid: true, expires at: 1754536596445
[debug] [2025-08-07T02:19:26.678Z] >>> [apiv2][query] GET https://secretmanager.googleapis.com/v1/projects/farmtool-75b0f/secrets/TOSS_FAIL_FRONTEND_URL/versions/latest [none]
[debug] [2025-08-07T02:19:26.853Z] <<< [apiv2][status] GET https://secretmanager.googleapis.com/v1/projects/farmtool-75b0f/secrets/TOSS_FAIL_FRONTEND_URL/versions/latest 200
[debug] [2025-08-07T02:19:26.853Z] <<< [apiv2][body] GET https://secretmanager.googleapis.com/v1/projects/farmtool-75b0f/secrets/TOSS_FAIL_FRONTEND_URL/versions/latest {"name":"projects/609587756851/secrets/TOSS_FAIL_FRONTEND_URL/versions/2","createTime":"2025-08-04T05:26:44.369817Z","state":"ENABLED","replicationStatus":{"automatic":{}},"etag":"\"163b835a70f199\"","clientSpecifiedPayloadChecksum":true}
[debug] [2025-08-07T02:19:26.853Z] Checked if tokens are valid: true, expires at: 1754536596445
[debug] [2025-08-07T02:19:26.853Z] Checked if tokens are valid: true, expires at: 1754536596445
[debug] [2025-08-07T02:19:26.854Z] >>> [apiv2][query] GET https://secretmanager.googleapis.com/v1/projects/farmtool-75b0f/secrets/KAKAO_KEY [none]
[debug] [2025-08-07T02:19:27.049Z] <<< [apiv2][status] GET https://secretmanager.googleapis.com/v1/projects/farmtool-75b0f/secrets/KAKAO_KEY 200
[debug] [2025-08-07T02:19:27.050Z] <<< [apiv2][body] GET https://secretmanager.googleapis.com/v1/projects/farmtool-75b0f/secrets/KAKAO_KEY {"name":"projects/609587756851/secrets/KAKAO_KEY","replication":{"automatic":{}},"createTime":"2025-06-26T20:14:23.422752Z","labels":{"firebase-managed":"functions"},"etag":"\"16387f35336ab0\""}
[debug] [2025-08-07T02:19:27.050Z] Checked if tokens are valid: true, expires at: 1754536596445
[debug] [2025-08-07T02:19:27.050Z] Checked if tokens are valid: true, expires at: 1754536596445
[debug] [2025-08-07T02:19:27.051Z] >>> [apiv2][query] GET https://secretmanager.googleapis.com/v1/projects/farmtool-75b0f/secrets/KAKAO_KEY/versions/latest [none]
[debug] [2025-08-07T02:19:27.248Z] <<< [apiv2][status] GET https://secretmanager.googleapis.com/v1/projects/farmtool-75b0f/secrets/KAKAO_KEY/versions/latest 200
[debug] [2025-08-07T02:19:27.249Z] <<< [apiv2][body] GET https://secretmanager.googleapis.com/v1/projects/farmtool-75b0f/secrets/KAKAO_KEY/versions/latest {"name":"projects/609587756851/secrets/KAKAO_KEY/versions/5","createTime":"2025-06-26T21:00:15.409579Z","state":"ENABLED","replicationStatus":{"automatic":{}},"etag":"\"16387fd925f5ab\"","clientSpecifiedPayloadChecksum":true}
[debug] [2025-08-07T02:19:27.249Z] Checked if tokens are valid: true, expires at: 1754536596445
[debug] [2025-08-07T02:19:27.249Z] Checked if tokens are valid: true, expires at: 1754536596445
[debug] [2025-08-07T02:19:27.249Z] >>> [apiv2][query] GET https://secretmanager.googleapis.com/v1/projects/farmtool-75b0f/secrets/KAKAO_REDIRECT_URI_PROD [none]
[debug] [2025-08-07T02:19:27.444Z] <<< [apiv2][status] GET https://secretmanager.googleapis.com/v1/projects/farmtool-75b0f/secrets/KAKAO_REDIRECT_URI_PROD 200
[debug] [2025-08-07T02:19:27.444Z] <<< [apiv2][body] GET https://secretmanager.googleapis.com/v1/projects/farmtool-75b0f/secrets/KAKAO_REDIRECT_URI_PROD {"name":"projects/609587756851/secrets/KAKAO_REDIRECT_URI_PROD","replication":{"automatic":{}},"createTime":"2025-06-26T20:27:21.104088Z","labels":{"firebase-managed":"functions"},"etag":"\"16387f6396f39e\""}
[debug] [2025-08-07T02:19:27.445Z] Checked if tokens are valid: true, expires at: 1754536596445
[debug] [2025-08-07T02:19:27.445Z] Checked if tokens are valid: true, expires at: 1754536596445
[debug] [2025-08-07T02:19:27.445Z] >>> [apiv2][query] GET https://secretmanager.googleapis.com/v1/projects/farmtool-75b0f/secrets/KAKAO_REDIRECT_URI_PROD/versions/latest [none]
[debug] [2025-08-07T02:19:27.641Z] <<< [apiv2][status] GET https://secretmanager.googleapis.com/v1/projects/farmtool-75b0f/secrets/KAKAO_REDIRECT_URI_PROD/versions/latest 200
[debug] [2025-08-07T02:19:27.641Z] <<< [apiv2][body] GET https://secretmanager.googleapis.com/v1/projects/farmtool-75b0f/secrets/KAKAO_REDIRECT_URI_PROD/versions/latest {"name":"projects/609587756851/secrets/KAKAO_REDIRECT_URI_PROD/versions/3","createTime":"2025-07-01T18:22:45.232029Z","state":"ENABLED","replicationStatus":{"automatic":{}},"etag":"\"1638e23b14919d\"","clientSpecifiedPayloadChecksum":true}
[debug] [2025-08-07T02:19:27.642Z] Checked if tokens are valid: true, expires at: 1754536596445
[debug] [2025-08-07T02:19:27.642Z] Checked if tokens are valid: true, expires at: 1754536596445
[debug] [2025-08-07T02:19:27.642Z] >>> [apiv2][query] GET https://secretmanager.googleapis.com/v1/projects/farmtool-75b0f/secrets/G2B_API_KEY [none]
[debug] [2025-08-07T02:19:27.839Z] <<< [apiv2][status] GET https://secretmanager.googleapis.com/v1/projects/farmtool-75b0f/secrets/G2B_API_KEY 200
[debug] [2025-08-07T02:19:27.839Z] <<< [apiv2][body] GET https://secretmanager.googleapis.com/v1/projects/farmtool-75b0f/secrets/G2B_API_KEY {"name":"projects/609587756851/secrets/G2B_API_KEY","replication":{"automatic":{}},"createTime":"2025-07-02T07:20:00.794149Z","labels":{"firebase-managed":"functions"},"etag":"\"1638ed16d058a5\""}
[debug] [2025-08-07T02:19:27.840Z] Checked if tokens are valid: true, expires at: 1754536596445
[debug] [2025-08-07T02:19:27.840Z] Checked if tokens are valid: true, expires at: 1754536596445
[debug] [2025-08-07T02:19:27.840Z] >>> [apiv2][query] GET https://secretmanager.googleapis.com/v1/projects/farmtool-75b0f/secrets/G2B_API_KEY/versions/latest [none]
[debug] [2025-08-07T02:19:28.036Z] <<< [apiv2][status] GET https://secretmanager.googleapis.com/v1/projects/farmtool-75b0f/secrets/G2B_API_KEY/versions/latest 200
[debug] [2025-08-07T02:19:28.036Z] <<< [apiv2][body] GET https://secretmanager.googleapis.com/v1/projects/farmtool-75b0f/secrets/G2B_API_KEY/versions/latest {"name":"projects/609587756851/secrets/G2B_API_KEY/versions/1","createTime":"2025-07-02T07:20:23.900788Z","state":"ENABLED","replicationStatus":{"automatic":{}},"etag":"\"1638ed18275a74\""}
[info] i  functions: preparing functions directory for uploading... 
[info] i  functions: packaged /Users/youssipro/nextjs/modoo/farmtool/functions (76.45 KB) for uploading 
[debug] [2025-08-07T02:19:28.084Z] Checked if tokens are valid: true, expires at: 1754536596445
[debug] [2025-08-07T02:19:28.084Z] Checked if tokens are valid: true, expires at: 1754536596445
[debug] [2025-08-07T02:19:28.084Z] >>> [apiv2][query] GET https://cloudfunctions.googleapis.com/v1/projects/farmtool-75b0f/locations/-/functions [none]
[debug] [2025-08-07T02:19:28.779Z] <<< [apiv2][status] GET https://cloudfunctions.googleapis.com/v1/projects/farmtool-75b0f/locations/-/functions 200
[debug] [2025-08-07T02:19:28.779Z] <<< [apiv2][body] GET https://cloudfunctions.googleapis.com/v1/projects/farmtool-75b0f/locations/-/functions {}
[debug] [2025-08-07T02:19:28.779Z] Checked if tokens are valid: true, expires at: 1754536596445
[debug] [2025-08-07T02:19:28.780Z] Checked if tokens are valid: true, expires at: 1754536596445
[debug] [2025-08-07T02:19:28.780Z] >>> [apiv2][query] GET https://cloudfunctions.googleapis.com/v2/projects/farmtool-75b0f/locations/-/functions filter=environment%3D%22GEN_2%22
[debug] [2025-08-07T02:19:30.202Z] <<< [apiv2][status] GET https://cloudfunctions.googleapis.com/v2/projects/farmtool-75b0f/locations/-/functions 200
[debug] [2025-08-07T02:19:30.202Z] <<< [apiv2][body] GET https://cloudfunctions.googleapis.com/v2/projects/farmtool-75b0f/locations/-/functions {"functions":[{"name":"projects/farmtool-75b0f/locations/asia-northeast3/functions/failPayment","buildConfig":{"build":"projects/609587756851/locations/asia-northeast3/builds/23b6dc34-b59d-4fc9-8fbf-5eef09b35b31","runtime":"nodejs20","entryPoint":"failPayment","source":{"storageSource":{"bucket":"gcf-v2-sources-609587756851-asia-northeast3","object":"failPayment/function-source.zip","generation":"1754315609022206"}},"environmentVariables":{"GOOGLE_NODE_RUN_SCRIPTS":""},"dockerRepository":"projects/farmtool-75b0f/locations/asia-northeast3/repositories/gcf-artifacts","sourceProvenance":{"resolvedStorageSource":{"bucket":"gcf-v2-sources-609587756851-asia-northeast3","object":"failPayment/function-source.zip","generation":"1754315609022206"}},"dockerRegistry":"ARTIFACT_REGISTRY","serviceAccount":"projects/farmtool-75b0f/serviceAccounts/609587756851-compute@developer.gserviceaccount.com","automaticUpdatePolicy":{}},"serviceConfig":{"service":"projects/farmtool-75b0f/locations/asia-northeast3/services/failpayment","timeoutSeconds":60,"environmentVariables":{"FIREBASE_CONFIG":"{\"projectId\":\"farmtool-75b0f\",\"databaseURL\":\"https://farmtool-75b0f-default-rtdb.asia-southeast1.firebasedatabase.app\",\"storageBucket\":\"farmtool-75b0f.firebasestorage.app\"}","GCLOUD_PROJECT":"farmtool-75b0f","EVENTARC_CLOUD_EVENT_SOURCE":"projects/farmtool-75b0f/locations/asia-northeast3/services/failPayment","FUNCTION_TARGET":"failPayment","LOG_EXECUTION_ID":"true","FUNCTION_SIGNATURE_TYPE":"http"},"maxInstanceCount":3,"ingressSettings":"ALLOW_ALL","uri":"https://failpayment-qlxozmlvvq-du.a.run.app","serviceAccountEmail":"609587756851-compute@developer.gserviceaccount.com","availableMemory":"256Mi","allTrafficOnLatestRevision":true,"secretEnvironmentVariables":[{"key":"TOSS_FAIL_FRONTEND_URL","projectId":"farmtool-75b0f","secret":"TOSS_FAIL_FRONTEND_URL","version":"2"}],"revision":"failpayment-00009-wep","maxInstanceRequestConcurrency":80,"availableCpu":"1"},"state":"ACTIVE","updateTime":"2025-08-04T13:53:37.196045882Z","labels":{"deployment-tool":"cli-firebase","firebase-functions-hash":"7689204c2541e7fd5c5de186ccc945316ecffe32"},"environment":"GEN_2","url":"https://asia-northeast3-farmtool-75b0f.cloudfunctions.net/failPayment","satisfiesPzs":true,"createTime":"2025-07-01T09:42:21.042877951Z","satisfiesPzi":true},{"name":"projects/farmtool-75b0f/locations/asia-northeast3/functions/confirmPayment","buildConfig":{"build":"projects/609587756851/locations/asia-northeast3/builds/699f84ff-6bf9-4807-afcc-4bef20fa0e2d","runtime":"nodejs20","entryPoint":"confirmPayment","source":{"storageSource":{"bucket":"gcf-v2-sources-609587756851-asia-northeast3","object":"confirmPayment/function-source.zip","generation":"1754533017882463"}},"environmentVariables":{"GOOGLE_NODE_RUN_SCRIPTS":""},"dockerRepository":"projects/farmtool-75b0f/locations/asia-northeast3/repositories/gcf-artifacts","sourceProvenance":{"resolvedStorageSource":{"bucket":"gcf-v2-sources-609587756851-asia-northeast3","object":"confirmPayment/function-source.zip","generation":"1754533017882463"}},"dockerRegistry":"ARTIFACT_REGISTRY","serviceAccount":"projects/farmtool-75b0f/serviceAccounts/609587756851-compute@developer.gserviceaccount.com","automaticUpdatePolicy":{}},"serviceConfig":{"service":"projects/farmtool-75b0f/locations/asia-northeast3/services/confirmpayment","timeoutSeconds":60,"environmentVariables":{"FIREBASE_CONFIG":"{\"projectId\":\"farmtool-75b0f\",\"databaseURL\":\"https://farmtool-75b0f-default-rtdb.asia-southeast1.firebasedatabase.app\",\"storageBucket\":\"farmtool-75b0f.firebasestorage.app\"}","GCLOUD_PROJECT":"farmtool-75b0f","EVENTARC_CLOUD_EVENT_SOURCE":"projects/farmtool-75b0f/locations/asia-northeast3/services/confirmPayment","FUNCTION_TARGET":"confirmPayment","LOG_EXECUTION_ID":"true"},"maxInstanceCount":3,"ingressSettings":"ALLOW_ALL","uri":"https://confirmpayment-qlxozmlvvq-du.a.run.app","serviceAccountEmail":"609587756851-compute@developer.gserviceaccount.com","availableMemory":"256Mi","allTrafficOnLatestRevision":true,"secretEnvironmentVariables":[{"key":"TOSS_SECRET_KEY","projectId":"farmtool-75b0f","secret":"TOSS_SECRET_KEY","version":"4"}],"revision":"confirmpayment-00017-jac","maxInstanceRequestConcurrency":80,"availableCpu":"1"},"state":"ACTIVE","updateTime":"2025-08-07T02:18:17.548395101Z","labels":{"deployment-tool":"cli-firebase","firebase-functions-hash":"6b356a9f987e48d126de2a7b794f4cc1d8d8dc1b"},"environment":"GEN_2","url":"https://asia-northeast3-farmtool-75b0f.cloudfunctions.net/confirmPayment","satisfiesPzs":true,"createTime":"2025-07-01T09:40:58.804104115Z","satisfiesPzi":true},{"name":"projects/farmtool-75b0f/locations/us-central1/functions/scheduledFetchG2B","buildConfig":{"build":"projects/609587756851/locations/us-central1/builds/b04a60c1-8e7d-45bf-819e-67726a6b0a33","runtime":"nodejs20","entryPoint":"scheduledFetchG2B","source":{"storageSource":{"bucket":"gcf-v2-sources-609587756851-us-central1","object":"scheduledFetchG2B/function-source.zip","generation":"1751562586477113"}},"environmentVariables":{"GOOGLE_NODE_RUN_SCRIPTS":""},"dockerRepository":"projects/farmtool-75b0f/locations/us-central1/repositories/gcf-artifacts","sourceProvenance":{"resolvedStorageSource":{"bucket":"gcf-v2-sources-609587756851-us-central1","object":"scheduledFetchG2B/function-source.zip","generation":"1751562586477113"}},"dockerRegistry":"ARTIFACT_REGISTRY","serviceAccount":"projects/farmtool-75b0f/serviceAccounts/609587756851-compute@developer.gserviceaccount.com","automaticUpdatePolicy":{}},"serviceConfig":{"service":"projects/farmtool-75b0f/locations/us-central1/services/scheduledfetchg2b","timeoutSeconds":60,"environmentVariables":{"FIREBASE_CONFIG":"{\"projectId\":\"farmtool-75b0f\",\"databaseURL\":\"https://farmtool-75b0f-default-rtdb.asia-southeast1.firebasedatabase.app\",\"storageBucket\":\"farmtool-75b0f.firebasestorage.app\"}","GCLOUD_PROJECT":"farmtool-75b0f","EVENTARC_CLOUD_EVENT_SOURCE":"projects/farmtool-75b0f/locations/us-central1/services/scheduledFetchG2B","FUNCTION_TARGET":"scheduledFetchG2B","LOG_EXECUTION_ID":"true"},"maxInstanceCount":3,"ingressSettings":"ALLOW_ALL","uri":"https://scheduledfetchg2b-qlxozmlvvq-uc.a.run.app","serviceAccountEmail":"609587756851-compute@developer.gserviceaccount.com","availableMemory":"256Mi","allTrafficOnLatestRevision":true,"secretEnvironmentVariables":[{"key":"G2B_API_KEY","projectId":"farmtool-75b0f","secret":"G2B_API_KEY","version":"1"}],"revision":"scheduledfetchg2b-00001-xov","maxInstanceRequestConcurrency":80,"availableCpu":"1"},"state":"ACTIVE","updateTime":"2025-07-03T17:10:52.076684853Z","labels":{"deployment-tool":"cli-firebase","deployment-scheduled":"true","firebase-functions-hash":"18b232368408790580f33ecebb56cd33056f5052"},"environment":"GEN_2","url":"https://us-central1-farmtool-75b0f.cloudfunctions.net/scheduledFetchG2B","createTime":"2025-07-03T17:09:46.766203576Z","satisfiesPzi":true},{"name":"projects/farmtool-75b0f/locations/us-central1/functions/kakaoCallback","buildConfig":{"build":"projects/609587756851/locations/us-central1/builds/e9642a15-4e34-421a-b11a-f914d64cd685","runtime":"nodejs20","entryPoint":"kakaoCallback","source":{"storageSource":{"bucket":"gcf-v2-sources-609587756851-us-central1","object":"kakaoCallback/function-source.zip","generation":"1754502743313047"}},"environmentVariables":{"GOOGLE_NODE_RUN_SCRIPTS":""},"dockerRepository":"projects/farmtool-75b0f/locations/us-central1/repositories/gcf-artifacts","sourceProvenance":{"resolvedStorageSource":{"bucket":"gcf-v2-sources-609587756851-us-central1","object":"kakaoCallback/function-source.zip","generation":"1754502743313047"}},"dockerRegistry":"ARTIFACT_REGISTRY","serviceAccount":"projects/farmtool-75b0f/serviceAccounts/609587756851-compute@developer.gserviceaccount.com","automaticUpdatePolicy":{}},"serviceConfig":{"service":"projects/farmtool-75b0f/locations/us-central1/services/kakaocallback","timeoutSeconds":180,"environmentVariables":{"FIREBASE_CONFIG":"{\"projectId\":\"farmtool-75b0f\",\"databaseURL\":\"https://farmtool-75b0f-default-rtdb.asia-southeast1.firebasedatabase.app\",\"storageBucket\":\"farmtool-75b0f.firebasestorage.app\"}","GCLOUD_PROJECT":"farmtool-75b0f","EVENTARC_CLOUD_EVENT_SOURCE":"projects/farmtool-75b0f/locations/us-central1/services/kakaoCallback","FUNCTION_TARGET":"kakaoCallback","LOG_EXECUTION_ID":"true"},"maxInstanceCount":3,"ingressSettings":"ALLOW_ALL","uri":"https://kakaocallback-qlxozmlvvq-uc.a.run.app","serviceAccountEmail":"609587756851-compute@developer.gserviceaccount.com","availableMemory":"256Mi","allTrafficOnLatestRevision":true,"secretEnvironmentVariables":[{"key":"KAKAO_KEY","projectId":"farmtool-75b0f","secret":"KAKAO_KEY","version":"5"},{"key":"KAKAO_REDIRECT_URI_PROD","projectId":"farmtool-75b0f","secret":"KAKAO_REDIRECT_URI_PROD","version":"3"}],"revision":"kakaocallback-00029-qux","maxInstanceRequestConcurrency":80,"availableCpu":"1"},"state":"ACTIVE","updateTime":"2025-08-06T17:54:10.425673993Z","labels":{"deployment-tool":"cli-firebase","firebase-functions-hash":"516dd17eeaa71a002aa61f35a5ff7ccc23929e95"},"environment":"GEN_2","url":"https://us-central1-farmtool-75b0f.cloudfunctions.net/kakaoCallback","createTime":"2025-06-26T15:17:27.239561331Z","satisfiesPzi":true}]}
[info] i  functions: ensuring required API cloudscheduler.googleapis.com is enabled... 
[info] i  functions: ensuring required API run.googleapis.com is enabled... 
[info] i  functions: ensuring required API eventarc.googleapis.com is enabled... 
[info] i  functions: ensuring required API pubsub.googleapis.com is enabled... 
[info] i  functions: ensuring required API storage.googleapis.com is enabled... 
[info] i  functions: generating the service identity for pubsub.googleapis.com... 
[debug] [2025-08-07T02:19:30.210Z] Checked if tokens are valid: true, expires at: 1754536596445
[debug] [2025-08-07T02:19:30.210Z] Checked if tokens are valid: true, expires at: 1754536596445
[info] i  functions: generating the service identity for eventarc.googleapis.com... 
[debug] [2025-08-07T02:19:30.210Z] Checked if tokens are valid: true, expires at: 1754536596445
[debug] [2025-08-07T02:19:30.210Z] Checked if tokens are valid: true, expires at: 1754536596445
[debug] [2025-08-07T02:19:30.210Z] >>> [apiv2][query] POST https://serviceusage.googleapis.com/v1beta1/projects/609587756851/services/pubsub.googleapis.com:generateServiceIdentity [none]
[debug] [2025-08-07T02:19:30.210Z] >>> [apiv2][(partial)header] POST https://serviceusage.googleapis.com/v1beta1/projects/609587756851/services/pubsub.googleapis.com:generateServiceIdentity x-goog-quota-user=projects/609587756851
[debug] [2025-08-07T02:19:30.211Z] >>> [apiv2][body] POST https://serviceusage.googleapis.com/v1beta1/projects/609587756851/services/pubsub.googleapis.com:generateServiceIdentity {}
[debug] [2025-08-07T02:19:30.212Z] >>> [apiv2][query] POST https://serviceusage.googleapis.com/v1beta1/projects/609587756851/services/eventarc.googleapis.com:generateServiceIdentity [none]
[debug] [2025-08-07T02:19:30.212Z] >>> [apiv2][(partial)header] POST https://serviceusage.googleapis.com/v1beta1/projects/609587756851/services/eventarc.googleapis.com:generateServiceIdentity x-goog-quota-user=projects/609587756851
[debug] [2025-08-07T02:19:30.212Z] >>> [apiv2][body] POST https://serviceusage.googleapis.com/v1beta1/projects/609587756851/services/eventarc.googleapis.com:generateServiceIdentity {}
[debug] [2025-08-07T02:19:31.411Z] <<< [apiv2][status] POST https://serviceusage.googleapis.com/v1beta1/projects/609587756851/services/pubsub.googleapis.com:generateServiceIdentity 200
[debug] [2025-08-07T02:19:31.411Z] <<< [apiv2][body] POST https://serviceusage.googleapis.com/v1beta1/projects/609587756851/services/pubsub.googleapis.com:generateServiceIdentity {"name":"operations/finished.DONE_OPERATION","done":true,"response":{"@type":"type.googleapis.com/google.api.serviceusage.v1beta1.ServiceIdentity","email":"service-609587756851@gcp-sa-pubsub.iam.gserviceaccount.com","uniqueId":"102312787613776291717"}}
[debug] [2025-08-07T02:19:31.412Z] <<< [apiv2][status] POST https://serviceusage.googleapis.com/v1beta1/projects/609587756851/services/eventarc.googleapis.com:generateServiceIdentity 200
[debug] [2025-08-07T02:19:31.412Z] <<< [apiv2][body] POST https://serviceusage.googleapis.com/v1beta1/projects/609587756851/services/eventarc.googleapis.com:generateServiceIdentity {"name":"operations/finished.DONE_OPERATION","done":true,"response":{"@type":"type.googleapis.com/google.api.serviceusage.v1beta1.ServiceIdentity","email":"service-609587756851@gcp-sa-eventarc.iam.gserviceaccount.com","uniqueId":"108834076346232500598"}}
[info] i  functions: ensuring required API secretmanager.googleapis.com is enabled... 
[debug] [2025-08-07T02:19:31.415Z] Checked if tokens are valid: true, expires at: 1754536596445
[debug] [2025-08-07T02:19:31.415Z] Checked if tokens are valid: true, expires at: 1754536596445
[debug] [2025-08-07T02:19:31.415Z] >>> [apiv2][query] GET https://secretmanager.googleapis.com/v1/projects/farmtool-75b0f/secrets/TOSS_FAIL_FRONTEND_URL/versions/latest [none]
[debug] [2025-08-07T02:19:31.623Z] <<< [apiv2][status] GET https://secretmanager.googleapis.com/v1/projects/farmtool-75b0f/secrets/TOSS_FAIL_FRONTEND_URL/versions/latest 200
[debug] [2025-08-07T02:19:31.623Z] <<< [apiv2][body] GET https://secretmanager.googleapis.com/v1/projects/farmtool-75b0f/secrets/TOSS_FAIL_FRONTEND_URL/versions/latest {"name":"projects/609587756851/secrets/TOSS_FAIL_FRONTEND_URL/versions/2","createTime":"2025-08-04T05:26:44.369817Z","state":"ENABLED","replicationStatus":{"automatic":{}},"etag":"\"163b835a70f199\"","clientSpecifiedPayloadChecksum":true}
[debug] [2025-08-07T02:19:31.624Z] Resolved secret version of TOSS_FAIL_FRONTEND_URL to 2.
[debug] [2025-08-07T02:19:31.625Z] Checked if tokens are valid: true, expires at: 1754536596445
[debug] [2025-08-07T02:19:31.625Z] Checked if tokens are valid: true, expires at: 1754536596445
[debug] [2025-08-07T02:19:31.625Z] >>> [apiv2][query] GET https://cloudresourcemanager.googleapis.com/v1/projects/farmtool-75b0f [none]
[debug] [2025-08-07T02:19:31.896Z] <<< [apiv2][status] GET https://cloudresourcemanager.googleapis.com/v1/projects/farmtool-75b0f 200
[debug] [2025-08-07T02:19:31.897Z] <<< [apiv2][body] GET https://cloudresourcemanager.googleapis.com/v1/projects/farmtool-75b0f {"projectNumber":"609587756851","projectId":"farmtool-75b0f","lifecycleState":"ACTIVE","name":"farmtool","labels":{"firebase":"enabled"},"createTime":"2024-09-23T12:22:18.189533Z"}
[debug] [2025-08-07T02:19:31.897Z] Checked if tokens are valid: true, expires at: 1754536596445
[debug] [2025-08-07T02:19:31.897Z] Checked if tokens are valid: true, expires at: 1754536596445
[debug] [2025-08-07T02:19:31.897Z] >>> [apiv2][query] GET https://compute.googleapis.com/compute/v1/projects/609587756851 [none]
[debug] [2025-08-07T02:19:32.194Z] <<< [apiv2][status] GET https://compute.googleapis.com/compute/v1/projects/609587756851 403
[debug] [2025-08-07T02:19:32.195Z] <<< [apiv2][body] GET https://compute.googleapis.com/compute/v1/projects/609587756851 {"error":{"code":403,"message":"Compute Engine API has not been used in project 609587756851 before or it is disabled. Enable it by visiting https://console.developers.google.com/apis/api/compute.googleapis.com/overview?project=609587756851 then retry. If you enabled this API recently, wait a few minutes for the action to propagate to our systems and retry.","errors":[{"message":"Compute Engine API has not been used in project 609587756851 before or it is disabled. Enable it by visiting https://console.developers.google.com/apis/api/compute.googleapis.com/overview?project=609587756851 then retry. If you enabled this API recently, wait a few minutes for the action to propagate to our systems and retry.","domain":"usageLimits","reason":"accessNotConfigured","extendedHelp":"https://console.developers.google.com"}],"status":"PERMISSION_DENIED","details":[{"@type":"type.googleapis.com/google.rpc.ErrorInfo","reason":"SERVICE_DISABLED","domain":"googleapis.com","metadata":{"containerInfo":"609587756851","serviceTitle":"Compute Engine API","service":"compute.googleapis.com","activationUrl":"https://console.developers.google.com/apis/api/compute.googleapis.com/overview?project=609587756851","consumer":"projects/609587756851"}},{"@type":"type.googleapis.com/google.rpc.LocalizedMessage","locale":"en-US","message":"Compute Engine API has not been used in project 609587756851 before or it is disabled. Enable it by visiting https://console.developers.google.com/apis/api/compute.googleapis.com/overview?project=609587756851 then retry. If you enabled this API recently, wait a few minutes for the action to propagate to our systems and retry."},{"@type":"type.googleapis.com/google.rpc.Help","links":[{"description":"Google developers console API activation","url":"https://console.developers.google.com/apis/api/compute.googleapis.com/overview?project=609587756851"}]}]}}
[debug] [2025-08-07T02:19:32.195Z] unable to look up default compute service account. Falling back to 609587756851-compute@developer.gserviceaccount.com. Error: {"name":"FirebaseError","children":[],"context":{"body":{"error":{"code":403,"message":"Compute Engine API has not been used in project 609587756851 before or it is disabled. Enable it by visiting https://console.developers.google.com/apis/api/compute.googleapis.com/overview?project=609587756851 then retry. If you enabled this API recently, wait a few minutes for the action to propagate to our systems and retry.","errors":[{"message":"Compute Engine API has not been used in project 609587756851 before or it is disabled. Enable it by visiting https://console.developers.google.com/apis/api/compute.googleapis.com/overview?project=609587756851 then retry. If you enabled this API recently, wait a few minutes for the action to propagate to our systems and retry.","domain":"usageLimits","reason":"accessNotConfigured","extendedHelp":"https://console.developers.google.com"}],"status":"PERMISSION_DENIED","details":[{"@type":"type.googleapis.com/google.rpc.ErrorInfo","reason":"SERVICE_DISABLED","domain":"googleapis.com","metadata":{"containerInfo":"609587756851","serviceTitle":"Compute Engine API","service":"compute.googleapis.com","activationUrl":"https://console.developers.google.com/apis/api/compute.googleapis.com/overview?project=609587756851","consumer":"projects/609587756851"}},{"@type":"type.googleapis.com/google.rpc.LocalizedMessage","locale":"en-US","message":"Compute Engine API has not been used in project 609587756851 before or it is disabled. Enable it by visiting https://console.developers.google.com/apis/api/compute.googleapis.com/overview?project=609587756851 then retry. If you enabled this API recently, wait a few minutes for the action to propagate to our systems and retry."},{"@type":"type.googleapis.com/google.rpc.Help","links":[{"description":"Google developers console API activation","url":"https://console.developers.google.com/apis/api/compute.googleapis.com/overview?project=609587756851"}]}]}},"response":{"statusCode":403}},"exit":1,"message":"Request to https://compute.googleapis.com/compute/v1/projects/609587756851 had HTTP Error: 403, Compute Engine API has not been used in project 609587756851 before or it is disabled. Enable it by visiting https://console.developers.google.com/apis/api/compute.googleapis.com/overview?project=609587756851 then retry. If you enabled this API recently, wait a few minutes for the action to propagate to our systems and retry.","status":403}
[debug] [2025-08-07T02:19:32.196Z] Checked if tokens are valid: true, expires at: 1754536596445
[debug] [2025-08-07T02:19:32.196Z] Checked if tokens are valid: true, expires at: 1754536596445
[debug] [2025-08-07T02:19:32.196Z] >>> [apiv2][query] GET https://cloudbilling.googleapis.com/v1/projects/farmtool-75b0f/billingInfo [none]
[debug] [2025-08-07T02:19:33.343Z] <<< [apiv2][status] GET https://cloudbilling.googleapis.com/v1/projects/farmtool-75b0f/billingInfo 200
[debug] [2025-08-07T02:19:33.343Z] <<< [apiv2][body] GET https://cloudbilling.googleapis.com/v1/projects/farmtool-75b0f/billingInfo {"name":"projects/farmtool-75b0f/billingInfo","projectId":"farmtool-75b0f","billingAccountName":"billingAccounts/019280-29EFA0-B114A8","billingEnabled":true}
[debug] [2025-08-07T02:19:33.345Z] Checked if tokens are valid: true, expires at: 1754536596445
[debug] [2025-08-07T02:19:33.346Z] Checked if tokens are valid: true, expires at: 1754536596445
[debug] [2025-08-07T02:19:33.346Z] >>> [apiv2][query] POST https://cloudfunctions.googleapis.com/v2/projects/farmtool-75b0f/locations/asia-northeast3/functions:generateUploadUrl [none]
[debug] [2025-08-07T02:19:33.579Z] <<< [apiv2][status] POST https://cloudfunctions.googleapis.com/v2/projects/farmtool-75b0f/locations/asia-northeast3/functions:generateUploadUrl 200
[debug] [2025-08-07T02:19:33.579Z] <<< [apiv2][body] POST https://cloudfunctions.googleapis.com/v2/projects/farmtool-75b0f/locations/asia-northeast3/functions:generateUploadUrl {"uploadUrl":"https://storage.googleapis.com/gcf-v2-uploads-609587756851.asia-northeast3.cloudfunctions.appspot.com/8ea2fb3f-9525-4615-b5ca-bf378cf05993.zip?GoogleAccessId=service-609587756851@gcf-admin-robot.iam.gserviceaccount.com&Expires=1754534973&Signature=fZuiNo6rT%2FrHiBhlYuNX5TZ7nNJeJMJxvZskUi6bAG9NfukfSsy3NgN%2FjV6bU0w6aBEVF%2BEJ4jejEakQ%2FyYOjkgWhVrRwVHJlskfSxLCHaUiN3xaDz%2B9GgsjAj8kZ2eTHSdZTWdsWboRl24lzqOexdWDLd8MIT3xWoXKpUHLka9e61%2BezlAOJTQuR6VlsMJaas3Y9IYkwP9aNr0flOotodI3vJnFXCvQsR1VY02p70WUrcidqkxY4z64RTflkXniwPqB2mJgVLL1TwL8Okk47%2BKfD50qY8Ig2gfsFzG6JaVFaCpI4oTkodEWr2VFQk38q5afKpFjIM6b6S0LAfxi5A%3D%3D","storageSource":{"bucket":"gcf-v2-uploads-609587756851.asia-northeast3.cloudfunctions.appspot.com","object":"8ea2fb3f-9525-4615-b5ca-bf378cf05993.zip"}}
[debug] [2025-08-07T02:19:33.582Z] >>> [apiv2][query] PUT https://storage.googleapis.com/gcf-v2-uploads-609587756851.asia-northeast3.cloudfunctions.appspot.com/8ea2fb3f-9525-4615-b5ca-bf378cf05993.zip GoogleAccessId=service-609587756851%40gcf-admin-robot.iam.gserviceaccount.com&Expires=1754534973&Signature=fZuiNo6rT%2FrHiBhlYuNX5TZ7nNJeJMJxvZskUi6bAG9NfukfSsy3NgN%2FjV6bU0w6aBEVF%2BEJ4jejEakQ%2FyYOjkgWhVrRwVHJlskfSxLCHaUiN3xaDz%2B9GgsjAj8kZ2eTHSdZTWdsWboRl24lzqOexdWDLd8MIT3xWoXKpUHLka9e61%2BezlAOJTQuR6VlsMJaas3Y9IYkwP9aNr0flOotodI3vJnFXCvQsR1VY02p70WUrcidqkxY4z64RTflkXniwPqB2mJgVLL1TwL8Okk47%2BKfD50qY8Ig2gfsFzG6JaVFaCpI4oTkodEWr2VFQk38q5afKpFjIM6b6S0LAfxi5A%3D%3D
[debug] [2025-08-07T02:19:33.582Z] >>> [apiv2][body] PUT https://storage.googleapis.com/gcf-v2-uploads-609587756851.asia-northeast3.cloudfunctions.appspot.com/8ea2fb3f-9525-4615-b5ca-bf378cf05993.zip [stream]
[debug] [2025-08-07T02:19:33.782Z] <<< [apiv2][status] PUT https://storage.googleapis.com/gcf-v2-uploads-609587756851.asia-northeast3.cloudfunctions.appspot.com/8ea2fb3f-9525-4615-b5ca-bf378cf05993.zip 200
[debug] [2025-08-07T02:19:33.782Z] <<< [apiv2][body] PUT https://storage.googleapis.com/gcf-v2-uploads-609587756851.asia-northeast3.cloudfunctions.appspot.com/8ea2fb3f-9525-4615-b5ca-bf378cf05993.zip [omitted]
[info] ✔  functions: functions folder uploaded successfully 
[info] i  functions: updating Node.js 20 (2nd Gen) function failPayment(asia-northeast3)... 
[debug] [2025-08-07T02:19:33.790Z] Checked if tokens are valid: true, expires at: 1754536596445
[debug] [2025-08-07T02:19:33.791Z] Checked if tokens are valid: true, expires at: 1754536596445
[debug] [2025-08-07T02:19:33.791Z] >>> [apiv2][query] PATCH https://cloudfunctions.googleapis.com/v2/projects/farmtool-75b0f/locations/asia-northeast3/functions/failPayment updateMask=name%2CbuildConfig.runtime%2CbuildConfig.entryPoint%2CbuildConfig.source.storageSource.bucket%2CbuildConfig.source.storageSource.object%2CbuildConfig.environmentVariables%2CbuildConfig.sourceToken%2CserviceConfig.environmentVariables%2CserviceConfig.secretEnvironmentVariables%2CserviceConfig.ingressSettings%2CserviceConfig.timeoutSeconds%2CserviceConfig.serviceAccountEmail%2CserviceConfig.availableMemory%2CserviceConfig.minInstanceCount%2CserviceConfig.maxInstanceCount%2CserviceConfig.maxInstanceRequestConcurrency%2CserviceConfig.availableCpu%2CserviceConfig.vpcConnector%2CserviceConfig.vpcConnectorEgressSettings%2Clabels
[debug] [2025-08-07T02:19:33.791Z] >>> [apiv2][body] PATCH https://cloudfunctions.googleapis.com/v2/projects/farmtool-75b0f/locations/asia-northeast3/functions/failPayment {"name":"projects/farmtool-75b0f/locations/asia-northeast3/functions/failPayment","buildConfig":{"runtime":"nodejs20","entryPoint":"failPayment","source":{"storageSource":{"bucket":"gcf-v2-uploads-609587756851.asia-northeast3.cloudfunctions.appspot.com","object":"8ea2fb3f-9525-4615-b5ca-bf378cf05993.zip"}},"environmentVariables":{"GOOGLE_NODE_RUN_SCRIPTS":""}},"serviceConfig":{"environmentVariables":{"FIREBASE_CONFIG":"{\"projectId\":\"farmtool-75b0f\",\"databaseURL\":\"https://farmtool-75b0f-default-rtdb.asia-southeast1.firebasedatabase.app\",\"storageBucket\":\"farmtool-75b0f.firebasestorage.app\"}","GCLOUD_PROJECT":"farmtool-75b0f","EVENTARC_CLOUD_EVENT_SOURCE":"projects/farmtool-75b0f/locations/asia-northeast3/services/failPayment","FUNCTION_TARGET":"failPayment","LOG_EXECUTION_ID":"true"},"secretEnvironmentVariables":[{"key":"TOSS_FAIL_FRONTEND_URL","secret":"TOSS_FAIL_FRONTEND_URL","projectId":"farmtool-75b0f","version":"2"}],"ingressSettings":null,"timeoutSeconds":null,"serviceAccountEmail":null,"availableMemory":"256Mi","minInstanceCount":null,"maxInstanceCount":null,"maxInstanceRequestConcurrency":80,"availableCpu":"1","vpcConnector":null,"vpcConnectorEgressSettings":null},"labels":{"deployment-tool":"cli-firebase","firebase-functions-hash":"3b903a21a38464ee512f773ce485bff2f27033d0"}}
[debug] [2025-08-07T02:19:35.190Z] <<< [apiv2][status] PATCH https://cloudfunctions.googleapis.com/v2/projects/farmtool-75b0f/locations/asia-northeast3/functions/failPayment 200
[debug] [2025-08-07T02:19:35.190Z] <<< [apiv2][body] PATCH https://cloudfunctions.googleapis.com/v2/projects/farmtool-75b0f/locations/asia-northeast3/functions/failPayment {"name":"projects/farmtool-75b0f/locations/asia-northeast3/operations/operation-1754533174077-63bbd169668fb-476c0b33-8ff34016","metadata":{"@type":"type.googleapis.com/google.cloud.functions.v2.OperationMetadata","createTime":"2025-08-07T02:19:35.156165825Z","target":"projects/farmtool-75b0f/locations/asia-northeast3/functions/failPayment","verb":"update","cancelRequested":false,"apiVersion":"v2"},"done":false}
[debug] [2025-08-07T02:19:35.191Z] Checked if tokens are valid: true, expires at: 1754536596445
[debug] [2025-08-07T02:19:35.191Z] Checked if tokens are valid: true, expires at: 1754536596445
[debug] [2025-08-07T02:19:35.191Z] >>> [apiv2][query] GET https://cloudfunctions.googleapis.com/v2/projects/farmtool-75b0f/locations/asia-northeast3/operations/operation-1754533174077-63bbd169668fb-476c0b33-8ff34016 [none]
[debug] [2025-08-07T02:19:35.511Z] <<< [apiv2][status] GET https://cloudfunctions.googleapis.com/v2/projects/farmtool-75b0f/locations/asia-northeast3/operations/operation-1754533174077-63bbd169668fb-476c0b33-8ff34016 200
[debug] [2025-08-07T02:19:35.511Z] <<< [apiv2][body] GET https://cloudfunctions.googleapis.com/v2/projects/farmtool-75b0f/locations/asia-northeast3/operations/operation-1754533174077-63bbd169668fb-476c0b33-8ff34016 {"name":"projects/farmtool-75b0f/locations/asia-northeast3/operations/operation-1754533174077-63bbd169668fb-476c0b33-8ff34016","metadata":{"@type":"type.googleapis.com/google.cloud.functions.v2.OperationMetadata","createTime":"2025-08-07T02:19:35.156165825Z","target":"projects/farmtool-75b0f/locations/asia-northeast3/functions/failPayment","verb":"update","cancelRequested":false,"apiVersion":"v2","requestResource":{"@type":"type.googleapis.com/google.cloud.functions.v2.Function","name":"projects/farmtool-75b0f/locations/asia-northeast3/functions/failPayment","buildConfig":{"runtime":"nodejs20","entryPoint":"failPayment","source":{"storageSource":{"bucket":"gcf-v2-sources-609587756851-asia-northeast3","object":"failPayment/function-source.zip","generation":"1754533175095667"}},"environmentVariables":{"GOOGLE_NODE_RUN_SCRIPTS":""},"dockerRepository":"projects/farmtool-75b0f/locations/asia-northeast3/repositories/gcf-artifacts","sourceProvenance":{"resolvedStorageSource":{"bucket":"gcf-v2-sources-609587756851-asia-northeast3","object":"failPayment/function-source.zip","generation":"1754315609022206"}},"dockerRegistry":"ARTIFACT_REGISTRY","serviceAccount":"projects/farmtool-75b0f/serviceAccounts/609587756851-compute@developer.gserviceaccount.com","automaticUpdatePolicy":{}},"serviceConfig":{"service":"projects/farmtool-75b0f/locations/asia-northeast3/services/failpayment","timeoutSeconds":60,"environmentVariables":{"FIREBASE_CONFIG":"{\"projectId\":\"farmtool-75b0f\",\"databaseURL\":\"https://farmtool-75b0f-default-rtdb.asia-southeast1.firebasedatabase.app\",\"storageBucket\":\"farmtool-75b0f.firebasestorage.app\"}","GCLOUD_PROJECT":"farmtool-75b0f","EVENTARC_CLOUD_EVENT_SOURCE":"projects/farmtool-75b0f/locations/asia-northeast3/services/failPayment","FUNCTION_TARGET":"failPayment","LOG_EXECUTION_ID":"true"},"ingressSettings":"ALLOW_ALL","uri":"https://failpayment-qlxozmlvvq-du.a.run.app","serviceAccountEmail":"609587756851-compute@developer.gserviceaccount.com","availableMemory":"256Mi","allTrafficOnLatestRevision":true,"secretEnvironmentVariables":[{"key":"TOSS_FAIL_FRONTEND_URL","projectId":"farmtool-75b0f","secret":"TOSS_FAIL_FRONTEND_URL","version":"2"}],"revision":"failpayment-00009-wep","maxInstanceRequestConcurrency":80,"availableCpu":"1"},"state":"ACTIVE","labels":{"deployment-tool":"cli-firebase","firebase-functions-hash":"3b903a21a38464ee512f773ce485bff2f27033d0"},"environment":"GEN_2","url":"https://asia-northeast3-farmtool-75b0f.cloudfunctions.net/failPayment","satisfiesPzs":true,"satisfiesPzi":true},"stages":[{"name":"BUILD","state":"NOT_STARTED"},{"name":"SERVICE","state":"NOT_STARTED"}],"operationType":"UPDATE_FUNCTION"},"done":false}
[debug] [2025-08-07T02:19:36.014Z] [update-default-asia-northeast3-failPayment] Retrying task index 0
[debug] [2025-08-07T02:19:36.015Z] Checked if tokens are valid: true, expires at: 1754536596445
[debug] [2025-08-07T02:19:36.015Z] Checked if tokens are valid: true, expires at: 1754536596445
[debug] [2025-08-07T02:19:36.015Z] >>> [apiv2][query] GET https://cloudfunctions.googleapis.com/v2/projects/farmtool-75b0f/locations/asia-northeast3/operations/operation-1754533174077-63bbd169668fb-476c0b33-8ff34016 [none]
[debug] [2025-08-07T02:19:36.193Z] <<< [apiv2][status] GET https://cloudfunctions.googleapis.com/v2/projects/farmtool-75b0f/locations/asia-northeast3/operations/operation-1754533174077-63bbd169668fb-476c0b33-8ff34016 200
[debug] [2025-08-07T02:19:36.194Z] <<< [apiv2][body] GET https://cloudfunctions.googleapis.com/v2/projects/farmtool-75b0f/locations/asia-northeast3/operations/operation-1754533174077-63bbd169668fb-476c0b33-8ff34016 {"name":"projects/farmtool-75b0f/locations/asia-northeast3/operations/operation-1754533174077-63bbd169668fb-476c0b33-8ff34016","metadata":{"@type":"type.googleapis.com/google.cloud.functions.v2.OperationMetadata","createTime":"2025-08-07T02:19:35.156165825Z","target":"projects/farmtool-75b0f/locations/asia-northeast3/functions/failPayment","verb":"update","cancelRequested":false,"apiVersion":"v2","requestResource":{"@type":"type.googleapis.com/google.cloud.functions.v2.Function","name":"projects/farmtool-75b0f/locations/asia-northeast3/functions/failPayment","buildConfig":{"runtime":"nodejs20","entryPoint":"failPayment","source":{"storageSource":{"bucket":"gcf-v2-sources-609587756851-asia-northeast3","object":"failPayment/function-source.zip","generation":"1754533175095667"}},"environmentVariables":{"GOOGLE_NODE_RUN_SCRIPTS":""},"dockerRepository":"projects/farmtool-75b0f/locations/asia-northeast3/repositories/gcf-artifacts","sourceProvenance":{"resolvedStorageSource":{"bucket":"gcf-v2-sources-609587756851-asia-northeast3","object":"failPayment/function-source.zip","generation":"1754315609022206"}},"dockerRegistry":"ARTIFACT_REGISTRY","serviceAccount":"projects/farmtool-75b0f/serviceAccounts/609587756851-compute@developer.gserviceaccount.com","automaticUpdatePolicy":{}},"serviceConfig":{"service":"projects/farmtool-75b0f/locations/asia-northeast3/services/failpayment","timeoutSeconds":60,"environmentVariables":{"FIREBASE_CONFIG":"{\"projectId\":\"farmtool-75b0f\",\"databaseURL\":\"https://farmtool-75b0f-default-rtdb.asia-southeast1.firebasedatabase.app\",\"storageBucket\":\"farmtool-75b0f.firebasestorage.app\"}","GCLOUD_PROJECT":"farmtool-75b0f","EVENTARC_CLOUD_EVENT_SOURCE":"projects/farmtool-75b0f/locations/asia-northeast3/services/failPayment","FUNCTION_TARGET":"failPayment","LOG_EXECUTION_ID":"true"},"ingressSettings":"ALLOW_ALL","uri":"https://failpayment-qlxozmlvvq-du.a.run.app","serviceAccountEmail":"609587756851-compute@developer.gserviceaccount.com","availableMemory":"256Mi","allTrafficOnLatestRevision":true,"secretEnvironmentVariables":[{"key":"TOSS_FAIL_FRONTEND_URL","projectId":"farmtool-75b0f","secret":"TOSS_FAIL_FRONTEND_URL","version":"2"}],"revision":"failpayment-00009-wep","maxInstanceRequestConcurrency":80,"availableCpu":"1"},"state":"ACTIVE","labels":{"deployment-tool":"cli-firebase","firebase-functions-hash":"3b903a21a38464ee512f773ce485bff2f27033d0"},"environment":"GEN_2","url":"https://asia-northeast3-farmtool-75b0f.cloudfunctions.net/failPayment","satisfiesPzs":true,"satisfiesPzi":true},"stages":[{"name":"BUILD","state":"NOT_STARTED"},{"name":"SERVICE","state":"NOT_STARTED"}],"operationType":"UPDATE_FUNCTION"},"done":false}
[debug] [2025-08-07T02:19:37.195Z] [update-default-asia-northeast3-failPayment] Retrying task index 0
[debug] [2025-08-07T02:19:37.196Z] Checked if tokens are valid: true, expires at: 1754536596445
[debug] [2025-08-07T02:19:37.196Z] Checked if tokens are valid: true, expires at: 1754536596445
[debug] [2025-08-07T02:19:37.196Z] >>> [apiv2][query] GET https://cloudfunctions.googleapis.com/v2/projects/farmtool-75b0f/locations/asia-northeast3/operations/operation-1754533174077-63bbd169668fb-476c0b33-8ff34016 [none]
[debug] [2025-08-07T02:19:37.304Z] <<< [apiv2][status] GET https://cloudfunctions.googleapis.com/v2/projects/farmtool-75b0f/locations/asia-northeast3/operations/operation-1754533174077-63bbd169668fb-476c0b33-8ff34016 200
[debug] [2025-08-07T02:19:37.305Z] <<< [apiv2][body] GET https://cloudfunctions.googleapis.com/v2/projects/farmtool-75b0f/locations/asia-northeast3/operations/operation-1754533174077-63bbd169668fb-476c0b33-8ff34016 {"name":"projects/farmtool-75b0f/locations/asia-northeast3/operations/operation-1754533174077-63bbd169668fb-476c0b33-8ff34016","metadata":{"@type":"type.googleapis.com/google.cloud.functions.v2.OperationMetadata","createTime":"2025-08-07T02:19:35.156165825Z","target":"projects/farmtool-75b0f/locations/asia-northeast3/functions/failPayment","verb":"update","cancelRequested":false,"apiVersion":"v2","requestResource":{"@type":"type.googleapis.com/google.cloud.functions.v2.Function","name":"projects/farmtool-75b0f/locations/asia-northeast3/functions/failPayment","buildConfig":{"runtime":"nodejs20","entryPoint":"failPayment","source":{"storageSource":{"bucket":"gcf-v2-sources-609587756851-asia-northeast3","object":"failPayment/function-source.zip","generation":"1754533175095667"}},"environmentVariables":{"GOOGLE_NODE_RUN_SCRIPTS":""},"dockerRepository":"projects/farmtool-75b0f/locations/asia-northeast3/repositories/gcf-artifacts","sourceProvenance":{"resolvedStorageSource":{"bucket":"gcf-v2-sources-609587756851-asia-northeast3","object":"failPayment/function-source.zip","generation":"1754315609022206"}},"dockerRegistry":"ARTIFACT_REGISTRY","serviceAccount":"projects/farmtool-75b0f/serviceAccounts/609587756851-compute@developer.gserviceaccount.com","automaticUpdatePolicy":{}},"serviceConfig":{"service":"projects/farmtool-75b0f/locations/asia-northeast3/services/failpayment","timeoutSeconds":60,"environmentVariables":{"FIREBASE_CONFIG":"{\"projectId\":\"farmtool-75b0f\",\"databaseURL\":\"https://farmtool-75b0f-default-rtdb.asia-southeast1.firebasedatabase.app\",\"storageBucket\":\"farmtool-75b0f.firebasestorage.app\"}","GCLOUD_PROJECT":"farmtool-75b0f","EVENTARC_CLOUD_EVENT_SOURCE":"projects/farmtool-75b0f/locations/asia-northeast3/services/failPayment","FUNCTION_TARGET":"failPayment","LOG_EXECUTION_ID":"true"},"ingressSettings":"ALLOW_ALL","uri":"https://failpayment-qlxozmlvvq-du.a.run.app","serviceAccountEmail":"609587756851-compute@developer.gserviceaccount.com","availableMemory":"256Mi","allTrafficOnLatestRevision":true,"secretEnvironmentVariables":[{"key":"TOSS_FAIL_FRONTEND_URL","projectId":"farmtool-75b0f","secret":"TOSS_FAIL_FRONTEND_URL","version":"2"}],"revision":"failpayment-00009-wep","maxInstanceRequestConcurrency":80,"availableCpu":"1"},"state":"ACTIVE","labels":{"deployment-tool":"cli-firebase","firebase-functions-hash":"3b903a21a38464ee512f773ce485bff2f27033d0"},"environment":"GEN_2","url":"https://asia-northeast3-farmtool-75b0f.cloudfunctions.net/failPayment","satisfiesPzs":true,"satisfiesPzi":true},"stages":[{"name":"BUILD","message":"Build in progress","state":"IN_PROGRESS","resource":"projects/609587756851/locations/asia-northeast3/builds/df6909dd-b3e7-4681-99ee-0e2e196e1d14","resourceUri":"https://console.cloud.google.com/cloud-build/builds;region=asia-northeast3/df6909dd-b3e7-4681-99ee-0e2e196e1d14?project=609587756851"},{"name":"SERVICE","state":"NOT_STARTED"}],"operationType":"UPDATE_FUNCTION","buildName":"projects/609587756851/locations/asia-northeast3/builds/df6909dd-b3e7-4681-99ee-0e2e196e1d14"},"done":false}
[debug] [2025-08-07T02:19:39.306Z] [update-default-asia-northeast3-failPayment] Retrying task index 0
[debug] [2025-08-07T02:19:39.307Z] Checked if tokens are valid: true, expires at: 1754536596445
[debug] [2025-08-07T02:19:39.307Z] Checked if tokens are valid: true, expires at: 1754536596445
[debug] [2025-08-07T02:19:39.307Z] >>> [apiv2][query] GET https://cloudfunctions.googleapis.com/v2/projects/farmtool-75b0f/locations/asia-northeast3/operations/operation-1754533174077-63bbd169668fb-476c0b33-8ff34016 [none]
[debug] [2025-08-07T02:19:39.618Z] <<< [apiv2][status] GET https://cloudfunctions.googleapis.com/v2/projects/farmtool-75b0f/locations/asia-northeast3/operations/operation-1754533174077-63bbd169668fb-476c0b33-8ff34016 200
[debug] [2025-08-07T02:19:39.619Z] <<< [apiv2][body] GET https://cloudfunctions.googleapis.com/v2/projects/farmtool-75b0f/locations/asia-northeast3/operations/operation-1754533174077-63bbd169668fb-476c0b33-8ff34016 {"name":"projects/farmtool-75b0f/locations/asia-northeast3/operations/operation-1754533174077-63bbd169668fb-476c0b33-8ff34016","metadata":{"@type":"type.googleapis.com/google.cloud.functions.v2.OperationMetadata","createTime":"2025-08-07T02:19:35.156165825Z","target":"projects/farmtool-75b0f/locations/asia-northeast3/functions/failPayment","verb":"update","cancelRequested":false,"apiVersion":"v2","requestResource":{"@type":"type.googleapis.com/google.cloud.functions.v2.Function","name":"projects/farmtool-75b0f/locations/asia-northeast3/functions/failPayment","buildConfig":{"runtime":"nodejs20","entryPoint":"failPayment","source":{"storageSource":{"bucket":"gcf-v2-sources-609587756851-asia-northeast3","object":"failPayment/function-source.zip","generation":"1754533175095667"}},"environmentVariables":{"GOOGLE_NODE_RUN_SCRIPTS":""},"dockerRepository":"projects/farmtool-75b0f/locations/asia-northeast3/repositories/gcf-artifacts","sourceProvenance":{"resolvedStorageSource":{"bucket":"gcf-v2-sources-609587756851-asia-northeast3","object":"failPayment/function-source.zip","generation":"1754315609022206"}},"dockerRegistry":"ARTIFACT_REGISTRY","serviceAccount":"projects/farmtool-75b0f/serviceAccounts/609587756851-compute@developer.gserviceaccount.com","automaticUpdatePolicy":{}},"serviceConfig":{"service":"projects/farmtool-75b0f/locations/asia-northeast3/services/failpayment","timeoutSeconds":60,"environmentVariables":{"FIREBASE_CONFIG":"{\"projectId\":\"farmtool-75b0f\",\"databaseURL\":\"https://farmtool-75b0f-default-rtdb.asia-southeast1.firebasedatabase.app\",\"storageBucket\":\"farmtool-75b0f.firebasestorage.app\"}","GCLOUD_PROJECT":"farmtool-75b0f","EVENTARC_CLOUD_EVENT_SOURCE":"projects/farmtool-75b0f/locations/asia-northeast3/services/failPayment","FUNCTION_TARGET":"failPayment","LOG_EXECUTION_ID":"true"},"ingressSettings":"ALLOW_ALL","uri":"https://failpayment-qlxozmlvvq-du.a.run.app","serviceAccountEmail":"609587756851-compute@developer.gserviceaccount.com","availableMemory":"256Mi","allTrafficOnLatestRevision":true,"secretEnvironmentVariables":[{"key":"TOSS_FAIL_FRONTEND_URL","projectId":"farmtool-75b0f","secret":"TOSS_FAIL_FRONTEND_URL","version":"2"}],"revision":"failpayment-00009-wep","maxInstanceRequestConcurrency":80,"availableCpu":"1"},"state":"ACTIVE","labels":{"deployment-tool":"cli-firebase","firebase-functions-hash":"3b903a21a38464ee512f773ce485bff2f27033d0"},"environment":"GEN_2","url":"https://asia-northeast3-farmtool-75b0f.cloudfunctions.net/failPayment","satisfiesPzs":true,"satisfiesPzi":true},"stages":[{"name":"BUILD","message":"Build in progress","state":"IN_PROGRESS","resource":"projects/609587756851/locations/asia-northeast3/builds/df6909dd-b3e7-4681-99ee-0e2e196e1d14","resourceUri":"https://console.cloud.google.com/cloud-build/builds;region=asia-northeast3/df6909dd-b3e7-4681-99ee-0e2e196e1d14?project=609587756851"},{"name":"SERVICE","state":"NOT_STARTED"}],"operationType":"UPDATE_FUNCTION","buildName":"projects/609587756851/locations/asia-northeast3/builds/df6909dd-b3e7-4681-99ee-0e2e196e1d14"},"done":false}
[debug] [2025-08-07T02:19:43.621Z] [update-default-asia-northeast3-failPayment] Retrying task index 0
[debug] [2025-08-07T02:19:43.621Z] Checked if tokens are valid: true, expires at: 1754536596445
[debug] [2025-08-07T02:19:43.621Z] Checked if tokens are valid: true, expires at: 1754536596445
[debug] [2025-08-07T02:19:43.621Z] >>> [apiv2][query] GET https://cloudfunctions.googleapis.com/v2/projects/farmtool-75b0f/locations/asia-northeast3/operations/operation-1754533174077-63bbd169668fb-476c0b33-8ff34016 [none]
[debug] [2025-08-07T02:19:43.919Z] <<< [apiv2][status] GET https://cloudfunctions.googleapis.com/v2/projects/farmtool-75b0f/locations/asia-northeast3/operations/operation-1754533174077-63bbd169668fb-476c0b33-8ff34016 200
[debug] [2025-08-07T02:19:43.919Z] <<< [apiv2][body] GET https://cloudfunctions.googleapis.com/v2/projects/farmtool-75b0f/locations/asia-northeast3/operations/operation-1754533174077-63bbd169668fb-476c0b33-8ff34016 {"name":"projects/farmtool-75b0f/locations/asia-northeast3/operations/operation-1754533174077-63bbd169668fb-476c0b33-8ff34016","metadata":{"@type":"type.googleapis.com/google.cloud.functions.v2.OperationMetadata","createTime":"2025-08-07T02:19:35.156165825Z","target":"projects/farmtool-75b0f/locations/asia-northeast3/functions/failPayment","verb":"update","cancelRequested":false,"apiVersion":"v2","requestResource":{"@type":"type.googleapis.com/google.cloud.functions.v2.Function","name":"projects/farmtool-75b0f/locations/asia-northeast3/functions/failPayment","buildConfig":{"runtime":"nodejs20","entryPoint":"failPayment","source":{"storageSource":{"bucket":"gcf-v2-sources-609587756851-asia-northeast3","object":"failPayment/function-source.zip","generation":"1754533175095667"}},"environmentVariables":{"GOOGLE_NODE_RUN_SCRIPTS":""},"dockerRepository":"projects/farmtool-75b0f/locations/asia-northeast3/repositories/gcf-artifacts","sourceProvenance":{"resolvedStorageSource":{"bucket":"gcf-v2-sources-609587756851-asia-northeast3","object":"failPayment/function-source.zip","generation":"1754315609022206"}},"dockerRegistry":"ARTIFACT_REGISTRY","serviceAccount":"projects/farmtool-75b0f/serviceAccounts/609587756851-compute@developer.gserviceaccount.com","automaticUpdatePolicy":{}},"serviceConfig":{"service":"projects/farmtool-75b0f/locations/asia-northeast3/services/failpayment","timeoutSeconds":60,"environmentVariables":{"FIREBASE_CONFIG":"{\"projectId\":\"farmtool-75b0f\",\"databaseURL\":\"https://farmtool-75b0f-default-rtdb.asia-southeast1.firebasedatabase.app\",\"storageBucket\":\"farmtool-75b0f.firebasestorage.app\"}","GCLOUD_PROJECT":"farmtool-75b0f","EVENTARC_CLOUD_EVENT_SOURCE":"projects/farmtool-75b0f/locations/asia-northeast3/services/failPayment","FUNCTION_TARGET":"failPayment","LOG_EXECUTION_ID":"true"},"ingressSettings":"ALLOW_ALL","uri":"https://failpayment-qlxozmlvvq-du.a.run.app","serviceAccountEmail":"609587756851-compute@developer.gserviceaccount.com","availableMemory":"256Mi","allTrafficOnLatestRevision":true,"secretEnvironmentVariables":[{"key":"TOSS_FAIL_FRONTEND_URL","projectId":"farmtool-75b0f","secret":"TOSS_FAIL_FRONTEND_URL","version":"2"}],"revision":"failpayment-00009-wep","maxInstanceRequestConcurrency":80,"availableCpu":"1"},"state":"ACTIVE","labels":{"deployment-tool":"cli-firebase","firebase-functions-hash":"3b903a21a38464ee512f773ce485bff2f27033d0"},"environment":"GEN_2","url":"https://asia-northeast3-farmtool-75b0f.cloudfunctions.net/failPayment","satisfiesPzs":true,"satisfiesPzi":true},"stages":[{"name":"BUILD","message":"Build in progress","state":"IN_PROGRESS","resource":"projects/609587756851/locations/asia-northeast3/builds/df6909dd-b3e7-4681-99ee-0e2e196e1d14","resourceUri":"https://console.cloud.google.com/cloud-build/builds;region=asia-northeast3/df6909dd-b3e7-4681-99ee-0e2e196e1d14?project=609587756851"},{"name":"SERVICE","state":"NOT_STARTED"}],"operationType":"UPDATE_FUNCTION","buildName":"projects/609587756851/locations/asia-northeast3/builds/df6909dd-b3e7-4681-99ee-0e2e196e1d14"},"done":false}
